<?xml version="1.0" encoding="UTF-8"?>
<testsuite xmlns:xsi="http://www.w3.org/2001/XMLSchema-instance" xsi:noNamespaceSchemaLocation="https://maven.apache.org/surefire/maven-surefire-plugin/xsd/surefire-test-report-3.0.xsd" version="3.0" name="br.upe.dao.JDBCSystemAdminDAODiffblueTest" time="18.557" tests="6" errors="0" skipped="0" failures="0">
  <properties>
[...]
</properties>
  <testcase name="deleteByIdUserTest" classname="br.upe.dao.JDBCSystemAdminDAODiffblueTest" time="4.39"/>
  <testcase name="findByIdUserTest" classname="br.upe.dao.JDBCSystemAdminDAODiffblueTest" time="2.515"/>
  <testcase name="saveUserTest" classname="br.upe.dao.JDBCSystemAdminDAODiffblueTest" time="1.483"/>
  <testcase name="updateUserTest" classname="br.upe.dao.JDBCSystemAdminDAODiffblueTest" time="2.953"/>
  <testcase name="findAllUserTest" classname="br.upe.dao.JDBCSystemAdminDAODiffblueTest" time="2.824"/>
  <testcase name="deleteUserTest" classname="br.upe.dao.JDBCSystemAdminDAODiffblueTest" time="4.374"/>
</testsuite>